<?xml version="1.0" encoding="UTF-8"?>
<!-- Generated by org.testng.reporters.JUnitXMLReporter -->
<testsuite ignored="0" hostname="ITIN000297-MAC" failures="0" tests="3" name="Test" time="57.937" errors="0" timestamp="2020-11-18T11:29:11 IST">
  <testcase classname="com.moengage.tests.MoEngageTest" name="getCharactersTest" time="14.934"/>
  <testcase classname="com.moengage.tests.MoEngageTest" name="getSeriesTest" time="5.292"/>
  <testcase classname="com.moengage.tests.MoEngageTest" name="getStoriesTest" time="37.681"/>
</testsuite> <!-- Test -->
